<?xml version="1.0" encoding="UTF-8"?>
<!-- Generated by org.testng.reporters.JUnitReportReporter -->
<testsuite hostname="DESKTOP-R7CE0E7" failures="0" tests="4" name="com.automation.student1.ActivitiesTest" time="4.322" errors="0" timestamp="2024-12-01T13:18:34 PKT" skipped="0">
  <testcase classname="com.automation.student1.ActivitiesTest" name="testCreateActivity" time="2.670"/>
  <testcase classname="com.automation.student1.ActivitiesTest" name="testDeleteActivity" time="0.540"/>
  <testcase classname="com.automation.student1.ActivitiesTest" name="testGetAllActivities" time="0.572"/>
  <testcase classname="com.automation.student1.ActivitiesTest" name="testUpdateActivity" time="0.540"/>
</testsuite> <!-- com.automation.student1.ActivitiesTest -->
