<?xml version="1.0" encoding="UTF-8"?>
<!-- Generated by org.testng.reporters.JUnitReportReporter -->
<testsuite hostname="DESKTOP-R7CE0E7" failures="0" tests="4" name="com.automation.student1.ActivitiesTest" time="4.391" errors="0" timestamp="2024-12-01T13:07:13 PKT" skipped="0">
  <testcase classname="com.automation.student1.ActivitiesTest" name="testCreateActivity" time="2.756"/>
  <testcase classname="com.automation.student1.ActivitiesTest" name="testGetAllActivities" time="0.581"/>
  <testcase classname="com.automation.student1.ActivitiesTest" name="testUpdateActivity" time="0.525"/>
  <testcase classname="com.automation.student1.ActivitiesTest" name="testDeleteActivity" time="0.529"/>
</testsuite> <!-- com.automation.student1.ActivitiesTest -->
