<?xml version="1.0" encoding="UTF-8"?>
<!-- Generated by org.testng.reporters.JUnitReportReporter -->
<testsuite hostname="DESKTOP-R7CE0E7" failures="0" tests="4" name="com.automation.student2.BooksTest" time="2.555" errors="0" timestamp="2024-12-01T13:07:13 PKT" skipped="0">
  <testcase classname="com.automation.student2.BooksTest" name="testUpdateBook" time="0.563"/>
  <testcase classname="com.automation.student2.BooksTest" name="testCreateBook" time="0.537"/>
  <testcase classname="com.automation.student2.BooksTest" name="testGetAllBooks" time="0.941"/>
  <testcase classname="com.automation.student2.BooksTest" name="testDeleteBook" time="0.514"/>
</testsuite> <!-- com.automation.student2.BooksTest -->
